# abcd
6 3 4 5 4 5
# abcd
6 3 4 5 4 5
# abcd
6 3 4 5 4 5
# abcd
6 3 4 5 4 5
# abcd
6 3 4 5 4 5
# abcd
6 3 4 5 4 5
# abcd
6 3 4 5 4 5
# abcd
6 3 4 5 4 5
# abcd
6 3 4 5 4 5
# abcd
6 3 4 5 4 5
# abcd
6 3 4 5 4 5
# abcd
6 3 4 5 4 5
# abcd
6 3 4 5 4 5
# abcd
6 3 4 5 4 5
# abcd
6 3 4 5 4 5
# abcd
      6       3       4       5       4       5
# abcd
      6       3       4       5       4       5
# abcd
      6       3       4       5       4       5
# abcd
      6       3       4       5       4       5
# abcd
      6       3       4       5       4       5
# abcd
6       3       4       5       4       5      
# abcd
6       3       4       5       4       5      
# abcd
6       3       4       5       4       5      
# abcd
6       3       4       5       4       5      
# abcd
6       3       4       5       4       5      
# abcd
64345   3234    4344    533     42      5      
# abcd
64345   3234    4344    533     42      5      
# abcd
64345   3234    4344    533     42      5      
# abcd
64345   3234    4344    533     42      5      
# abcd
64345   3234    4344    533     42      5      
